<?xml version="1.0" encoding="UTF-8"?>
<testsuite xmlns:xsi="http://www.w3.org/2001/XMLSchema-instance" xsi:noNamespaceSchemaLocation="https://maven.apache.org/surefire/maven-surefire-plugin/xsd/surefire-test-report-3.0.xsd" version="3.0" name="com.example.UserService.UserServiceApplicationTests" time="12.637" tests="1" errors="0" skipped="0" failures="0">
  <properties>
[...]
</properties>
  <testcase name="contextLoads" classname="com.example.UserService.UserServiceApplicationTests" time="4.798">
    <system-out><![CDATA[
  .   ____          _            __ _ _
 /\\ / ___'_ __ _ _(_)_ __  __ _ \ \ \ \
( ( )\___ | '_ | '_| | '_ \/ _` | \ \ \ \
 \\/  ___)| |_)| | | | | || (_| |  ) ) ) )
  '  |____| .__|_| |_|_| |_\__, | / / / /
 =========|_|==============|___/=/_/_/_/
 :: Spring Boot ::                (v3.2.1)

2024-02-06T15:23:19.595-05:00  INFO 13205 --- [           main] c.e.U.UserServiceApplicationTests        : Starting UserServiceApplicationTests using Java 17.0.9 with PID 13205 (started by jordan in /mnt/c/Users/Jordan Suber/Desktop/UserService)
2024-02-06T15:23:19.610-05:00  INFO 13205 --- [           main] c.e.U.UserServiceApplicationTests        : No active profile set, falling back to 1 default profile: "default"
2024-02-06T15:23:20.894-05:00  INFO 13205 --- [           main] c.e.U.UserServiceApplicationTests        : Started UserServiceApplicationTests in 3.255 seconds (process running for 8.741)
]]></system-out>
  </testcase>
</testsuite>